<?xml version="1.0" encoding="UTF-8"?>
<testsuite name="com.example.configurationservice.ConfigurationServiceApplicationTest" tests="1" skipped="0" failures="0" errors="0" timestamp="2021-10-27T19:49:53" hostname="Edwards-MBP" time="0.358">
  <properties/>
  <testcase name="contextLoads()" classname="com.example.configurationservice.ConfigurationServiceApplicationTest" time="0.358"/>
  <system-out><![CDATA[15:49:51.047 [Test worker] DEBUG org.springframework.test.context.BootstrapUtils - Instantiating CacheAwareContextLoaderDelegate from class [org.springframework.test.context.cache.DefaultCacheAwareContextLoaderDelegate]
15:49:51.055 [Test worker] DEBUG org.springframework.test.context.BootstrapUtils - Instantiating BootstrapContext using constructor [public org.springframework.test.context.support.DefaultBootstrapContext(java.lang.Class,org.springframework.test.context.CacheAwareContextLoaderDelegate)]
15:49:51.078 [Test worker] DEBUG org.springframework.test.context.BootstrapUtils - Instantiating TestContextBootstrapper for test class [com.example.configurationservice.ConfigurationServiceApplicationTest] from class [org.springframework.boot.test.context.SpringBootTestContextBootstrapper]
15:49:51.087 [Test worker] INFO org.springframework.boot.test.context.SpringBootTestContextBootstrapper - Neither @ContextConfiguration nor @ContextHierarchy found for test class [com.example.configurationservice.ConfigurationServiceApplicationTest], using SpringBootContextLoader
15:49:51.090 [Test worker] DEBUG org.springframework.test.context.support.AbstractContextLoader - Did not detect default resource location for test class [com.example.configurationservice.ConfigurationServiceApplicationTest]: class path resource [com/example/configurationservice/ConfigurationServiceApplicationTest-context.xml] does not exist
15:49:51.090 [Test worker] DEBUG org.springframework.test.context.support.AbstractContextLoader - Did not detect default resource location for test class [com.example.configurationservice.ConfigurationServiceApplicationTest]: class path resource [com/example/configurationservice/ConfigurationServiceApplicationTestContext.groovy] does not exist
15:49:51.090 [Test worker] INFO org.springframework.test.context.support.AbstractContextLoader - Could not detect default resource locations for test class [com.example.configurationservice.ConfigurationServiceApplicationTest]: no resource found for suffixes {-context.xml, Context.groovy}.
15:49:51.091 [Test worker] INFO org.springframework.test.context.support.AnnotationConfigContextLoaderUtils - Could not detect default configuration classes for test class [com.example.configurationservice.ConfigurationServiceApplicationTest]: ConfigurationServiceApplicationTest does not declare any static, non-private, non-final, nested classes annotated with @Configuration.
15:49:51.125 [Test worker] DEBUG org.springframework.test.context.support.ActiveProfilesUtils - Could not find an 'annotation declaring class' for annotation type [org.springframework.test.context.ActiveProfiles] and class [com.example.configurationservice.ConfigurationServiceApplicationTest]
15:49:51.164 [Test worker] DEBUG org.springframework.context.annotation.ClassPathScanningCandidateComponentProvider - Identified candidate component class: file [/Users/edwardmangini/IdeaProjects/springExamples/gs-centralized-configuration/complete/configuration-service/build/classes/java/main/com/example/configurationservice/ConfigurationServiceApplication.class]
15:49:51.164 [Test worker] INFO org.springframework.boot.test.context.SpringBootTestContextBootstrapper - Found @SpringBootConfiguration com.example.configurationservice.ConfigurationServiceApplication for test class com.example.configurationservice.ConfigurationServiceApplicationTest
15:49:51.233 [Test worker] DEBUG org.springframework.boot.test.context.SpringBootTestContextBootstrapper - @TestExecutionListeners is not present for class [com.example.configurationservice.ConfigurationServiceApplicationTest]: using defaults.
15:49:51.234 [Test worker] INFO org.springframework.boot.test.context.SpringBootTestContextBootstrapper - Loaded default TestExecutionListener class names from location [META-INF/spring.factories]: [org.springframework.boot.test.autoconfigure.restdocs.RestDocsTestExecutionListener, org.springframework.boot.test.autoconfigure.web.client.MockRestServiceServerResetTestExecutionListener, org.springframework.boot.test.autoconfigure.web.servlet.MockMvcPrintOnlyOnFailureTestExecutionListener, org.springframework.boot.test.autoconfigure.web.servlet.WebDriverTestExecutionListener, org.springframework.boot.test.autoconfigure.webservices.client.MockWebServiceServerTestExecutionListener, org.springframework.boot.test.mock.mockito.MockitoTestExecutionListener, org.springframework.boot.test.mock.mockito.ResetMocksTestExecutionListener, org.springframework.test.context.web.ServletTestExecutionListener, org.springframework.test.context.support.DirtiesContextBeforeModesTestExecutionListener, org.springframework.test.context.event.ApplicationEventsTestExecutionListener, org.springframework.test.context.support.DependencyInjectionTestExecutionListener, org.springframework.test.context.support.DirtiesContextTestExecutionListener, org.springframework.test.context.transaction.TransactionalTestExecutionListener, org.springframework.test.context.jdbc.SqlScriptsTestExecutionListener, org.springframework.test.context.event.EventPublishingTestExecutionListener]
15:49:51.242 [Test worker] DEBUG org.springframework.boot.test.context.SpringBootTestContextBootstrapper - Skipping candidate TestExecutionListener [org.springframework.test.context.transaction.TransactionalTestExecutionListener] due to a missing dependency. Specify custom listener classes or make the default listener classes and their required dependencies available. Offending class: [org/springframework/transaction/TransactionDefinition]
15:49:51.242 [Test worker] DEBUG org.springframework.boot.test.context.SpringBootTestContextBootstrapper - Skipping candidate TestExecutionListener [org.springframework.test.context.jdbc.SqlScriptsTestExecutionListener] due to a missing dependency. Specify custom listener classes or make the default listener classes and their required dependencies available. Offending class: [org/springframework/transaction/interceptor/TransactionAttribute]
15:49:51.242 [Test worker] INFO org.springframework.boot.test.context.SpringBootTestContextBootstrapper - Using TestExecutionListeners: [org.springframework.test.context.web.ServletTestExecutionListener@6c26e5c, org.springframework.test.context.support.DirtiesContextBeforeModesTestExecutionListener@12264a0a, org.springframework.test.context.event.ApplicationEventsTestExecutionListener@5bc7497e, org.springframework.boot.test.mock.mockito.MockitoTestExecutionListener@877029b, org.springframework.boot.test.autoconfigure.SpringBootDependencyInjectionTestExecutionListener@1d523d47, org.springframework.test.context.support.DirtiesContextTestExecutionListener@3d0442fd, org.springframework.test.context.event.EventPublishingTestExecutionListener@5ce9609a, org.springframework.boot.test.autoconfigure.restdocs.RestDocsTestExecutionListener@6c3ac246, org.springframework.boot.test.autoconfigure.web.client.MockRestServiceServerResetTestExecutionListener@608e7283, org.springframework.boot.test.autoconfigure.web.servlet.MockMvcPrintOnlyOnFailureTestExecutionListener@7f02c7c5, org.springframework.boot.test.autoconfigure.web.servlet.WebDriverTestExecutionListener@6878850f, org.springframework.boot.test.autoconfigure.webservices.client.MockWebServiceServerTestExecutionListener@52ea52b4, org.springframework.boot.test.mock.mockito.ResetMocksTestExecutionListener@41e33800]
15:49:51.245 [Test worker] DEBUG org.springframework.test.context.support.AbstractDirtiesContextTestExecutionListener - Before test class: context [DefaultTestContext@404b5f48 testClass = ConfigurationServiceApplicationTest, testInstance = [null], testMethod = [null], testException = [null], mergedContextConfiguration = [WebMergedContextConfiguration@7c71716f testClass = ConfigurationServiceApplicationTest, locations = '{}', classes = '{class com.example.configurationservice.ConfigurationServiceApplication}', contextInitializerClasses = '[]', activeProfiles = '{}', propertySourceLocations = '{}', propertySourceProperties = '{spring.profiles.active=native, org.springframework.boot.test.context.SpringBootTestContextBootstrapper=true}', contextCustomizers = set[org.springframework.boot.test.autoconfigure.actuate.metrics.MetricsExportContextCustomizerFactory$DisableMetricExportContextCustomizer@51883f3d, org.springframework.boot.test.autoconfigure.properties.PropertyMappingContextCustomizer@0, org.springframework.boot.test.autoconfigure.web.servlet.WebDriverContextCustomizerFactory$Customizer@4420351c, org.springframework.boot.test.context.filter.ExcludeFilterContextCustomizer@6645413, org.springframework.boot.test.json.DuplicateJsonObjectContextCustomizerFactory$DuplicateJsonObjectContextCustomizer@766c8e2f, org.springframework.boot.test.mock.mockito.MockitoContextCustomizer@0, org.springframework.boot.test.web.client.TestRestTemplateContextCustomizer@3d8e8a7a, org.springframework.boot.test.context.SpringBootTestArgs@1, org.springframework.boot.test.context.SpringBootTestWebEnvironment@567d2b1d], resourceBasePath = 'src/main/webapp', contextLoader = 'org.springframework.boot.test.context.SpringBootContextLoader', parent = [null]], attributes = map['org.springframework.test.context.web.ServletTestExecutionListener.activateListener' -> true]], class annotated with @DirtiesContext [false] with mode [null].
15:49:51.267 [Test worker] DEBUG org.springframework.test.context.support.TestPropertySourceUtils - Adding inlined properties to environment: {spring.jmx.enabled=false, spring.profiles.active=native, org.springframework.boot.test.context.SpringBootTestContextBootstrapper=true}

  .   ____          _            __ _ _
 /\\ / ___'_ __ _ _(_)_ __  __ _ \ \ \ \
( ( )\___ | '_ | '_| | '_ \/ _` | \ \ \ \
 \\/  ___)| |_)| | | | | || (_| |  ) ) ) )
  '  |____| .__|_| |_|_| |_\__, | / / / /
 =========|_|==============|___/=/_/_/_/
 :: Spring Boot ::                (v2.4.3)

2021-10-27 15:49:51.496  INFO 48257 --- [    Test worker] .e.c.ConfigurationServiceApplicationTest : Starting ConfigurationServiceApplicationTest using Java 11.0.12 on Edwards-MBP with PID 48257 (started by edwardmangini in /Users/edwardmangini/IdeaProjects/springExamples/gs-centralized-configuration/complete/configuration-service)
2021-10-27 15:49:51.496  INFO 48257 --- [    Test worker] .e.c.ConfigurationServiceApplicationTest : The following profiles are active: native
2021-10-27 15:49:52.428  INFO 48257 --- [    Test worker] o.s.cloud.context.scope.GenericScope     : BeanFactory id=84548c40-5a10-3346-a3c1-af583a2df03c
2021-10-27 15:49:53.096  INFO 48257 --- [    Test worker] o.s.s.concurrent.ThreadPoolTaskExecutor  : Initializing ExecutorService 'applicationTaskExecutor'
2021-10-27 15:49:53.872  INFO 48257 --- [    Test worker] o.s.b.a.e.web.EndpointLinksResolver      : Exposing 2 endpoint(s) beneath base path '/actuator'
2021-10-27 15:49:53.926  INFO 48257 --- [    Test worker] .e.c.ConfigurationServiceApplicationTest : Started ConfigurationServiceApplicationTest in 2.654 seconds (JVM running for 3.456)
]]></system-out>
  <system-err><![CDATA[]]></system-err>
</testsuite>
